<?xml version="1.0" encoding="utf-8"?><testsuites name="pytest tests"><testsuite name="pytest" errors="0" failures="0" skipped="0" tests="12" time="2.712" timestamp="2026-09-20T15:10:07.840994+00:00" hostname="agent-env-dc87bc8a-36a5-4563-863a-0adcb42f2b05"><testcase classname="tests.test_gaming" name="test_gaming_home_requires_auth" time="0.236" /><testcase classname="tests.test_gaming" name="test_gaming_games_requires_auth" time="0.059" /><testcase classname="tests.test_gaming" name="test_gaming_purchase_requires_auth" time="0.072" /><testcase classname="tests.test_gaming" name="test_gaming_home_shape" time="0.269" /><testcase classname="tests.test_gaming" name="test_list_games" time="0.074" /><testcase classname="tests.test_gaming" name="test_valorant_detail_offers_sorted" time="0.153" /><testcase classname="tests.test_gaming" name="test_product_not_found" time="0.078" /><testcase classname="tests.test_gaming" name="test_game_not_found" time="0.075" /><testcase classname="tests.test_gaming" name="test_sellers" time="0.069" /><testcase classname="tests.test_gaming" name="test_search_valorant" time="0.074" /><testcase classname="tests.test_gaming" name="test_purchase_mismatched_offer_returns_400" time="0.288" /><testcase classname="tests.test_gaming" name="test_purchase_creates_expense_and_delete_cascades" time="0.733" /></testsuite></testsuites>