<?xml version="1.0" encoding="utf-8"?><testsuites name="pytest tests"><testsuite name="pytest" errors="0" failures="0" skipped="0" tests="19" time="4.971" timestamp="2026-09-20T15:26:59.437759+00:00" hostname="agent-env-dc87bc8a-36a5-4563-863a-0adcb42f2b05"><testcase classname="tests.test_gaming_nextgen" name="test_endpoints_require_auth[GET-/gaming/admin/catalog]" time="0.263" /><testcase classname="tests.test_gaming_nextgen" name="test_endpoints_require_auth[GET-/gaming/watches]" time="0.067" /><testcase classname="tests.test_gaming_nextgen" name="test_endpoints_require_auth[GET-/gaming/earnings]" time="0.066" /><testcase classname="tests.test_gaming_nextgen" name="test_endpoints_require_auth[GET-/gaming/earnings/all]" time="0.074" /><testcase classname="tests.test_gaming_nextgen" name="test_endpoints_require_auth[GET-/gaming/budget]" time="0.074" /><testcase classname="tests.test_gaming_nextgen" name="test_endpoints_require_auth[PUT-/gaming/budget]" time="0.069" /><testcase classname="tests.test_gaming_nextgen" name="test_endpoints_require_auth[DELETE-/gaming/budget]" time="0.061" /><testcase classname="tests.test_gaming_nextgen" name="test_admin_catalog_list_shape" time="0.419" /><testcase classname="tests.test_gaming_nextgen" name="test_admin_catalog_put_and_delete_override" time="0.374" /><testcase classname="tests.test_gaming_nextgen" name="test_admin_catalog_put_unknown_returns_404_with_turkish_detail" time="0.081" /><testcase classname="tests.test_gaming_nextgen" name="test_admin_catalog_import_json" time="0.239" /><testcase classname="tests.test_gaming_nextgen" name="test_admin_catalog_import_csv" time="0.319" /><testcase classname="tests.test_gaming_nextgen" name="test_admin_catalog_reset" time="0.420" /><testcase classname="tests.test_gaming_nextgen" name="test_override_reflected_in_product_detail" time="0.362" /><testcase classname="tests.test_gaming_nextgen" name="test_affiliate_params_in_urls" time="0.224" /><testcase classname="tests.test_gaming_nextgen" name="test_estimated_commission_matches_rate" time="0.144" /><testcase classname="tests.test_gaming_nextgen" name="test_purchase_records_commission_and_earnings" time="0.450" /><testcase classname="tests.test_gaming_nextgen" name="test_watch_create_list_update_delete" time="0.597" /><testcase classname="tests.test_gaming_nextgen" name="test_budget_lifecycle" time="0.609" /></testsuite></testsuites>