<?xml version="1.0" encoding="utf-8"?><testsuites name="pytest tests"><testsuite name="pytest" errors="0" failures="0" skipped="0" tests="15" time="3.995" timestamp="2026-09-20T15:39:23.184073+00:00" hostname="agent-env-dc87bc8a-36a5-4563-863a-0adcb42f2b05"><testcase classname="tests.test_gaming_iter4" name="test_history_and_trend_require_auth[GET-/gaming/admin/catalog/history]" time="0.318" /><testcase classname="tests.test_gaming_iter4" name="test_history_and_trend_require_auth[POST-/gaming/admin/catalog/history/xxx/revert]" time="0.066" /><testcase classname="tests.test_gaming_iter4" name="test_history_and_trend_require_auth[GET-/gaming/earnings/trend]" time="0.072" /><testcase classname="tests.test_gaming_iter4" name="test_history_override_then_modify_then_delete" time="0.631" /><testcase classname="tests.test_gaming_iter4" name="test_history_global_across_offers" time="0.442" /><testcase classname="tests.test_gaming_iter4" name="test_bulk_import_records_history_per_row" time="0.299" /><testcase classname="tests.test_gaming_iter4" name="test_reset_records_history_per_override" time="0.416" /><testcase classname="tests.test_gaming_iter4" name="test_revert_before_null_removes_override" time="0.388" /><testcase classname="tests.test_gaming_iter4" name="test_revert_with_values_upserts_and_records_revert" time="0.618" /><testcase classname="tests.test_gaming_iter4" name="test_revert_unknown_history_id_404" time="0.073" /><testcase classname="tests.test_gaming_iter4" name="test_earnings_trend_default_6_points" time="0.075" /><testcase classname="tests.test_gaming_iter4" name="test_earnings_trend_months_1" time="0.071" /><testcase classname="tests.test_gaming_iter4" name="test_earnings_trend_months_25_rejected" time="0.070" /><testcase classname="tests.test_gaming_iter4" name="test_earnings_trend_by_seller_sorted" time="0.073" /><testcase classname="tests.test_gaming_iter4" name="test_notify_watch_without_email_key_does_not_crash" time="0.336" /></testsuite></testsuites>